0 info it worked if it ends with ok
1 verbose cli [ '/usr/local/Cellar/node/0.10.21/bin/node',
1 verbose cli   '/usr/local/bin/npm',
1 verbose cli   'test' ]
2 info using npm@1.3.11
3 info using node@v0.10.21
4 error Error: Invalid name: "HelloJS Custom"
4 error     at ensureValidName (/usr/local/Cellar/node/0.10.21/lib/node_modules/npm/node_modules/read-package-json/node_modules/normalize-package-data/lib/fixer.js:284:15)
4 error     at Object.module.exports.fixNameField (/usr/local/Cellar/node/0.10.21/lib/node_modules/npm/node_modules/read-package-json/node_modules/normalize-package-data/lib/fixer.js:199:5)
4 error     at /usr/local/Cellar/node/0.10.21/lib/node_modules/npm/node_modules/read-package-json/node_modules/normalize-package-data/lib/normalize.js:29:38
4 error     at Array.forEach (native)
4 error     at normalize (/usr/local/Cellar/node/0.10.21/lib/node_modules/npm/node_modules/read-package-json/node_modules/normalize-package-data/lib/normalize.js:28:15)
4 error     at final (/usr/local/Cellar/node/0.10.21/lib/node_modules/npm/node_modules/read-package-json/read-json.js:310:33)
4 error     at then (/usr/local/Cellar/node/0.10.21/lib/node_modules/npm/node_modules/read-package-json/read-json.js:124:33)
4 error     at /usr/local/Cellar/node/0.10.21/lib/node_modules/npm/node_modules/read-package-json/read-json.js:299:40
4 error     at fs.js:266:14
4 error     at /usr/local/Cellar/node/0.10.21/lib/node_modules/npm/node_modules/graceful-fs/graceful-fs.js:103:5
5 error If you need help, you may report this log at:
5 error     <http://github.com/isaacs/npm/issues>
5 error or email it to:
5 error     <npm-@googlegroups.com>
6 error System Darwin 13.0.0
7 error command "/usr/local/Cellar/node/0.10.21/bin/node" "/usr/local/bin/npm" "test"
8 error cwd /Users/jonbollinger/Dropbox/WebCode/hellojs.dev/hello.js
9 error node -v v0.10.21
10 error npm -v 1.3.11
11 verbose exit [ 1, true ]
